[14392:1644:0829/160608.422:INFO:components\enterprise\browser\controller\chrome_browser_cloud_management_controller.cc:202] No machine level policy manager exists.
[15340:1200:0829/160608.641:ERROR:ui\gl\direct_composition_support.cc:615] AMD VideoProcessorGetOutputExtension failed: Неопознанная ошибка (0x80004005)
[15340:13784:0829/160611.910:WARNING:ui\gl\angle_platform_impl.cc:52] HLSLCompiler.cpp:250 (rx::HLSLCompiler::compileToBinary): 
C:\fakepath(139,3-70): warning X3557: loop only executes for 1 iteration(s), forcing loop to unroll

[14392:1644:0829/160615.650:INFO:CONSOLE:115] "Event handler of 'x-storagemutated-1' event must be added on the initial evaluation of worker script.", source: https://static.whatsapp.net/rsrc.php/v4/y_/r/_Ew1JXW-kHn.js (115)
[14392:5004:0829/160623.553:ERROR:google_apis\gcm\engine\registration_request.cc:291] Registration response error message: DEPRECATED_ENDPOINT
[14392:5004:0829/160650.569:ERROR:google_apis\gcm\engine\registration_request.cc:291] Registration response error message: DEPRECATED_ENDPOINT
[14392:5004:0829/160713.974:ERROR:google_apis\gcm\engine\connection_factory_impl.cc:483] ConnectionHandler failed with net error: -2
[14392:5004:0829/160747.818:ERROR:google_apis\gcm\engine\registration_request.cc:291] Registration response error message: DEPRECATED_ENDPOINT
[14392:5004:0829/160804.452:ERROR:google_apis\gcm\engine\connection_factory_impl.cc:483] ConnectionHandler failed with net error: -2
[13708:10516:0829/160805.483:ERROR:net\socket\ssl_client_socket_impl.cc:914] handshake failed; returned -1, SSL error code 1, net_error -100
[13708:10516:0829/160805.780:ERROR:net\socket\ssl_client_socket_impl.cc:914] handshake failed; returned -1, SSL error code 1, net_error -100
[13708:10516:0829/160806.415:ERROR:net\socket\ssl_client_socket_impl.cc:914] handshake failed; returned -1, SSL error code 1, net_error -100
[13708:10516:0829/160806.737:ERROR:net\socket\ssl_client_socket_impl.cc:914] handshake failed; returned -1, SSL error code 1, net_error -100
[14392:1644:0829/160807.066:INFO:CONSOLE:297] "Canvas2D: Multiple readback operations using getImageData are faster with the willReadFrequently attribute set to true. See: https://html.spec.whatwg.org/multipage/canvas.html#concept-canvas-will-read-frequently", source: https://static.whatsapp.net/rsrc.php/v4ib914/yV/l/ru_RU-j/5dhjVtdyHEtux_Mn6YHiBtfZBA-qrjLkQcmcgfZ2BrznC2y1OgutMN4q3Nj8ZVQldthIWbqUAkJYZkTHpNzDxoDNIGDcJTn1_wDi3_y9rNvZTBvj8LOt35qDmDeM1g9rliwNcDkCXB37XjQLQrJnQtAHZhEhrToTMBDS8.js (297)
[13708:10516:0829/160807.644:ERROR:net\socket\ssl_client_socket_impl.cc:914] handshake failed; returned -1, SSL error code 1, net_error -100
[13708:10516:0829/160807.997:ERROR:net\socket\ssl_client_socket_impl.cc:914] handshake failed; returned -1, SSL error code 1, net_error -100
[13708:10516:0829/160809.464:ERROR:net\socket\ssl_client_socket_impl.cc:914] handshake failed; returned -1, SSL error code 1, net_error -100
[13708:10516:0829/160809.795:ERROR:net\socket\ssl_client_socket_impl.cc:914] handshake failed; returned -1, SSL error code 1, net_error -100
[13708:4592:0829/160828.888:WARNING:net\extras\sqlite\sqlite_persistent_store_backend_base.cc:176] Failed to post task from FlushAndNotifyInBackground@net\extras\sqlite\sqlite_persistent_store_backend_base.cc:226 to client_task_runner_.
[13708:4592:0829/160828.888:WARNING:net\extras\sqlite\sqlite_persistent_store_backend_base.cc:176] Failed to post task from FlushAndNotifyInBackground@net\extras\sqlite\sqlite_persistent_store_backend_base.cc:226 to client_task_runner_.
